Loaded 1822 deleted elements
Loaded 20889 deleted combinations
[Admin Access] IP: ::1, Forwarded: undefined, Is Localhost: true
[DEBUG] Falling through to static file handler for: GET /admin/
[DEBUG] Falling through to static file handler for: GET /.well-known/appspecific/com.chrome.devtools.json
[DEBUG] Falling through to static file handler for: GET /elements/data/elements.json?t=1751322940956
[DEBUG] Falling through to static file handler for: GET /elements/data/combinations.json?t=1751322940956
[DEBUG] Falling through to static file handler for: GET /elements/deleted-combinations.json?t=1751322940956
[Admin Access] IP: ::1, Forwarded: undefined, Is Localhost: true
[DELETE] Handling delete-combination request
[DEBUG] Falling through to static file handler for: GET /elements/data/elements.json?t=1751322944244
[DEBUG] Falling through to static file handler for: GET /elements/data/combinations.json?t=1751322944244
[DEBUG] Falling through to static file handler for: GET /elements/deleted-combinations.json?t=1751322944244
[Admin Access] IP: ::1, Forwarded: undefined, Is Localhost: true
[Save] Updated 1 emoji mappings in main file
[DEBUG] Falling through to static file handler for: GET /elements/data/elements.json?t=1751322958020
[DEBUG] Falling through to static file handler for: GET /elements/data/combinations.json?t=1751322958020
[DEBUG] Falling through to static file handler for: GET /elements/deleted-combinations.json?t=1751322958020
[Admin Access] IP: ::1, Forwarded: undefined, Is Localhost: true
[DELETE] Handling delete-combination request
[DEBUG] Falling through to static file handler for: GET /elements/data/elements.json?t=1751322962431
[DEBUG] Falling through to static file handler for: GET /elements/data/combinations.json?t=1751322962431
[DEBUG] Falling through to static file handler for: GET /elements/deleted-combinations.json?t=1751322962431
[Admin Access] IP: ::1, Forwarded: undefined, Is Localhost: true
[DEBUG] Falling through to static file handler for: GET /admin/
[DEBUG] Falling through to static file handler for: GET /.well-known/appspecific/com.chrome.devtools.json
[DEBUG] Falling through to static file handler for: GET /elements/data/elements.json?t=1751322966630
[DEBUG] Falling through to static file handler for: GET /elements/data/combinations.json?t=1751322966630
[DEBUG] Falling through to static file handler for: GET /elements/deleted-combinations.json?t=1751322966630
[Admin Access] IP: ::1, Forwarded: undefined, Is Localhost: true
[DEBUG] Falling through to static file handler for: GET /admin/
[DEBUG] Falling through to static file handler for: GET /.well-known/appspecific/com.chrome.devtools.json
[DEBUG] Falling through to static file handler for: GET /elements/data/elements.json?t=1751322970388
[DEBUG] Falling through to static file handler for: GET /elements/data/combinations.json?t=1751322970388
[DEBUG] Falling through to static file handler for: GET /elements/deleted-combinations.json?t=1751322970388
[Admin Access] IP: ::1, Forwarded: undefined, Is Localhost: true
[Save] Updated 1 emoji mappings in main file
[DEBUG] Falling through to static file handler for: GET /elements/data/elements.json?t=1751322976644
[DEBUG] Falling through to static file handler for: GET /elements/data/combinations.json?t=1751322976644
[DEBUG] Falling through to static file handler for: GET /elements/deleted-combinations.json?t=1751322976644
[Admin Access] IP: ::1, Forwarded: undefined, Is Localhost: true
[DEBUG] Falling through to static file handler for: GET /admin/
[DEBUG] Falling through to static file handler for: GET /.well-known/appspecific/com.chrome.devtools.json
[DEBUG] Falling through to static file handler for: GET /elements/data/elements.json?t=1751322980292
[DEBUG] Falling through to static file handler for: GET /elements/data/combinations.json?t=1751322980292
[DEBUG] Falling through to static file handler for: GET /elements/deleted-combinations.json?t=1751322980292
[DEBUG] Falling through to static file handler for: GET /.well-known/appspecific/com.chrome.devtools.json
[DEBUG] Falling through to static file handler for: GET /elements/data/elements.json
[DEBUG] Falling through to static file handler for: GET /elements/data/combinations.json
[Admin Access] IP: ::1, Forwarded: undefined, Is Localhost: true
[DEBUG] Finding broken combinations
[DEBUG] Loaded 9945 valid element IDs
[DEBUG] Found 4 broken combinations
[DEBUG] Added 4 broken combinations to deletion list
[Admin Access] IP: ::1, Forwarded: undefined, Is Localhost: true
[DEBUG] Running cleanup combinations
[DEBUG] Cleanup complete - deleted 469 combinations
[DEBUG] Falling through to static file handler for: GET /elements/data/combinations.json
[Admin Access] IP: ::1, Forwarded: undefined, Is Localhost: true
[DEBUG] Falling through to static file handler for: GET /admin/
[DEBUG] Falling through to static file handler for: GET /.well-known/appspecific/com.chrome.devtools.json
[DEBUG] Falling through to static file handler for: GET /elements/data/elements.json?t=1751323008709
[DEBUG] Falling through to static file handler for: GET /elements/data/combinations.json?t=1751323008709
[DEBUG] Falling through to static file handler for: GET /elements/deleted-combinations.json?t=1751323008709
[DEBUG] Falling through to static file handler for: GET /elements/data/elements.json?t=1751323014513
[DEBUG] Falling through to static file handler for: GET /elements/data/combinations.json?t=1751323014513
[DEBUG] Falling through to static file handler for: GET /elements/deleted-combinations.json?t=1751323014513
[DEBUG] Falling through to static file handler for: GET /elements/data/elements.json?t=1751323021342
[DEBUG] Falling through to static file handler for: GET /elements/data/combinations.json?t=1751323021342
[DEBUG] Falling through to static file handler for: GET /elements/deleted-combinations.json?t=1751323021342
[DEBUG] Falling through to static file handler for: GET /elements/data/elements.json?t=1751323027391
[DEBUG] Falling through to static file handler for: GET /elements/data/combinations.json?t=1751323027391
[DEBUG] Falling through to static file handler for: GET /elements/deleted-combinations.json?t=1751323027391
[Admin Access] IP: ::1, Forwarded: undefined, Is Localhost: true
[DEBUG] Falling through to static file handler for: GET /admin/combinations.html
[DEBUG] Falling through to static file handler for: GET /.well-known/appspecific/com.chrome.devtools.json
[Admin Access] IP: ::1, Forwarded: undefined, Is Localhost: true
[DEBUG] Falling through to static file handler for: GET /admin/combinations.js
[DEBUG] Falling through to static file handler for: GET /elements/data/combinations.json
[Admin Access] IP: ::1, Forwarded: undefined, Is Localhost: true
[DEBUG] Falling through to static file handler for: GET /admin/
[DEBUG] Falling through to static file handler for: GET /.well-known/appspecific/com.chrome.devtools.json
[Admin Access] IP: ::1, Forwarded: undefined, Is Localhost: true
[DEBUG] Falling through to static file handler for: GET /admin/
[DEBUG] Falling through to static file handler for: GET /.well-known/appspecific/com.chrome.devtools.json
[DEBUG] Falling through to static file handler for: GET /elements/data/elements.json?t=1751323046193
[DEBUG] Falling through to static file handler for: GET /elements/data/combinations.json?t=1751323046193
[DEBUG] Falling through to static file handler for: GET /elements/deleted-combinations.json?t=1751323046193
[DEBUG] Falling through to static file handler for: GET /elements/data/elements.json?t=1751323111000
[DEBUG] Falling through to static file handler for: GET /elements/data/combinations.json?t=1751323111000
[DEBUG] Falling through to static file handler for: GET /elements/deleted-combinations.json?t=1751323111000
[Admin Access] IP: ::1, Forwarded: undefined, Is Localhost: true
[Save] Updated 1 emoji mappings in main file
[DEBUG] Falling through to static file handler for: GET /elements/data/elements.json?t=1751323119173
[DEBUG] Falling through to static file handler for: GET /elements/data/combinations.json?t=1751323119173
[DEBUG] Falling through to static file handler for: GET /elements/deleted-combinations.json?t=1751323119173
[DEBUG] Falling through to static file handler for: GET /elements/data/elements.json?t=1751323148341
[DEBUG] Falling through to static file handler for: GET /elements/data/combinations.json?t=1751323148341
[DEBUG] Falling through to static file handler for: GET /elements/deleted-combinations.json?t=1751323148341
[DEBUG] Falling through to static file handler for: GET /elements/data/elements.json?t=1751323153932
[DEBUG] Falling through to static file handler for: GET /elements/data/combinations.json?t=1751323153932
[DEBUG] Falling through to static file handler for: GET /elements/deleted-combinations.json?t=1751323153932
[DEBUG] Falling through to static file handler for: GET /elements/data/elements.json?t=1751323156693
[DEBUG] Falling through to static file handler for: GET /elements/data/combinations.json?t=1751323156693
[DEBUG] Falling through to static file handler for: GET /elements/deleted-combinations.json?t=1751323156693
[DEBUG] Falling through to static file handler for: GET /elements/data/elements.json?t=1751323159067
[DEBUG] Falling through to static file handler for: GET /elements/data/combinations.json?t=1751323159067
[DEBUG] Falling through to static file handler for: GET /elements/deleted-combinations.json?t=1751323159067
[DEBUG] Falling through to static file handler for: GET /elements/data/elements.json?t=1751323159759
[DEBUG] Falling through to static file handler for: GET /elements/data/combinations.json?t=1751323159759
[DEBUG] Falling through to static file handler for: GET /elements/deleted-combinations.json?t=1751323159759
[Admin Access] IP: ::1, Forwarded: undefined, Is Localhost: true
[DEBUG] Falling through to static file handler for: GET /admin/
[DEBUG] Falling through to static file handler for: GET /.well-known/appspecific/com.chrome.devtools.json
[DEBUG] Falling through to static file handler for: GET /elements/data/elements.json?t=1751323166860
[DEBUG] Falling through to static file handler for: GET /elements/data/combinations.json?t=1751323166860
[DEBUG] Falling through to static file handler for: GET /elements/deleted-combinations.json?t=1751323166860
[Admin Access] IP: ::1, Forwarded: undefined, Is Localhost: true
[Save] Updated 1 emoji mappings in main file
[DEBUG] Falling through to static file handler for: GET /elements/data/elements.json?t=1751323173768
[DEBUG] Falling through to static file handler for: GET /elements/data/combinations.json?t=1751323173768
[DEBUG] Falling through to static file handler for: GET /elements/deleted-combinations.json?t=1751323173768
[Admin Access] IP: ::1, Forwarded: undefined, Is Localhost: true
[DELETE] Handling delete-combination request
[DEBUG] Falling through to static file handler for: GET /elements/data/elements.json?t=1751323176168
[DEBUG] Falling through to static file handler for: GET /elements/data/combinations.json?t=1751323176168
[DEBUG] Falling through to static file handler for: GET /elements/deleted-combinations.json?t=1751323176168
[DEBUG] Falling through to static file handler for: GET /.well-known/appspecific/com.chrome.devtools.json
[DEBUG] Falling through to static file handler for: GET /elements/data/elements.json
[DEBUG] Falling through to static file handler for: GET /elements/data/combinations.json
[Admin Access] IP: ::1, Forwarded: undefined, Is Localhost: true
[DEBUG] Running cleanup combinations
[DEBUG] Cleanup complete - deleted 1 combinations
[DEBUG] Falling through to static file handler for: GET /elements/data/combinations.json
[Admin Access] IP: ::1, Forwarded: undefined, Is Localhost: true
[DEBUG] Finding broken combinations
[DEBUG] Loaded 9945 valid element IDs
[DEBUG] Found 0 broken combinations
[Admin Access] IP: ::1, Forwarded: undefined, Is Localhost: true
[DEBUG] Falling through to static file handler for: GET /admin/
[DEBUG] Falling through to static file handler for: GET /.well-known/appspecific/com.chrome.devtools.json
[DEBUG] Falling through to static file handler for: GET /elements/data/elements.json?t=1751323207394
[DEBUG] Falling through to static file handler for: GET /elements/data/combinations.json?t=1751323207394
[DEBUG] Falling through to static file handler for: GET /elements/deleted-combinations.json?t=1751323207394
[Admin Access] IP: ::1, Forwarded: undefined, Is Localhost: true
[Save] Updated 1 emoji mappings in main file
[DEBUG] Falling through to static file handler for: GET /elements/data/elements.json?t=1751323216576
[DEBUG] Falling through to static file handler for: GET /elements/data/combinations.json?t=1751323216576
[DEBUG] Falling through to static file handler for: GET /elements/deleted-combinations.json?t=1751323216576
[Admin Access] IP: ::1, Forwarded: undefined, Is Localhost: true
[DEBUG] Falling through to static file handler for: GET /admin/
[DEBUG] Falling through to static file handler for: GET /.well-known/appspecific/com.chrome.devtools.json
[DEBUG] Falling through to static file handler for: GET /elements/data/elements.json?t=1751323225099
[DEBUG] Falling through to static file handler for: GET /elements/data/combinations.json?t=1751323225099
[DEBUG] Falling through to static file handler for: GET /elements/deleted-combinations.json?t=1751323225099
[Admin Access] IP: ::1, Forwarded: undefined, Is Localhost: true
[DEBUG] Falling through to static file handler for: GET /admin/
[DEBUG] Falling through to static file handler for: GET /.well-known/appspecific/com.chrome.devtools.json
[DEBUG] Falling through to static file handler for: GET /
[DEBUG] Falling through to static file handler for: GET /css/skin-selection.css
[DEBUG] Falling through to static file handler for: GET /css/unlock-notifications.css
[DEBUG] Falling through to static file handler for: GET /elements/data/loader.js
[DEBUG] Falling through to static file handler for: GET /js/supabase.js
[DEBUG] Falling through to static file handler for: GET /assets/word-logo.webp
[DEBUG] Falling through to static file handler for: GET /skins/snake-default-green.png
[DEBUG] Falling through to static file handler for: GET /js/skinData.js
[DEBUG] Falling through to static file handler for: GET /js/skinIdMapping.js
[DEBUG] Falling through to static file handler for: GET /js/playerStats.js
[DEBUG] Falling through to static file handler for: GET /js/unlockManager.js
[DEBUG] Falling through to static file handler for: GET /snake-names.json
[Admin Access] IP: ::1, Forwarded: undefined, Is Localhost: true
[DEBUG] Falling through to static file handler for: GET /api/leaderboard?limit=1
[DEBUG] Falling through to static file handler for: GET /elements/data/elements.json?t=1751323229840
[DEBUG] Falling through to static file handler for: GET /elements/deleted-elements.json?t=1751323229840
[DEBUG] Falling through to static file handler for: GET /elements/data/combinations.json?t=1751323229840
[DEBUG] Falling through to static file handler for: GET /elements/deleted-combinations.json?t=1751323229840
[DEBUG] Falling through to static file handler for: GET /elements/data/emojis.json?t=1751323229840
[DEBUG] Falling through to static file handler for: GET /skins/neko.png
[DEBUG] Falling through to static file handler for: GET /skins/snake-default-green.png
[DEBUG] Falling through to static file handler for: GET /skins/35mm.png
[DEBUG] Falling through to static file handler for: GET /skins/Frank.png
[DEBUG] Falling through to static file handler for: GET /skins/af-one.png
[DEBUG] Falling through to static file handler for: GET /skins/barbi.png
[DEBUG] Falling through to static file handler for: GET /skins/boat-mcboatface.png
[DEBUG] Falling through to static file handler for: GET /skins/camera-guy.png
[DEBUG] Falling through to static file handler for: GET /skins/coffee.png
[DEBUG] Falling through to static file handler for: GET /skins/controller.png
[DEBUG] Falling through to static file handler for: GET /skins/diet-cola.png
[DEBUG] Falling through to static file handler for: GET /skins/dog.png
[DEBUG] Falling through to static file handler for: GET /skins/donut.png
[DEBUG] Falling through to static file handler for: GET /skins/flame.png
[DEBUG] Falling through to static file handler for: GET /skins/football.png
[DEBUG] Falling through to static file handler for: GET /skins/fries.png
[DEBUG] Falling through to static file handler for: GET /skins/green-dragon.png
[DEBUG] Falling through to static file handler for: GET /skins/handheld-game.png
[DEBUG] Falling through to static file handler for: GET /skins/hotdog.png
[DEBUG] Falling through to static file handler for: GET /skins/infinity-glove.png
[DEBUG] Falling through to static file handler for: GET /skins/kid-car.png
[DEBUG] Falling through to static file handler for: GET /skins/lovecraft.png
[DEBUG] Falling through to static file handler for: GET /skins/nyan.png
[DEBUG] Falling through to static file handler for: GET /skins/pizza.png
[DEBUG] Falling through to static file handler for: GET /skins/potato.png
[DEBUG] Falling through to static file handler for: GET /skins/racer.png
[DEBUG] Falling through to static file handler for: GET /skins/ramen.png
[DEBUG] Falling through to static file handler for: GET /skins/red-dragon.png
[DEBUG] Falling through to static file handler for: GET /skins/robot.png
[DEBUG] Falling through to static file handler for: GET /skins/santa.png
[DEBUG] Falling through to static file handler for: GET /skins/saturn.png
[DEBUG] Falling through to static file handler for: GET /skins/skibidi.png
[DEBUG] Falling through to static file handler for: GET /skins/snake-2.png
[DEBUG] Falling through to static file handler for: GET /skins/space-cadet.png
[DEBUG] Falling through to static file handler for: GET /skins/tornado.png
[DEBUG] Falling through to static file handler for: GET /skins/tv.png
[DEBUG] Falling through to static file handler for: GET /skins/unicorn.png
[DEBUG] Falling through to static file handler for: GET /skins/brick-man.png
[DEBUG] Falling through to static file handler for: GET /skins/buffalo.png
[DEBUG] Falling through to static file handler for: GET /skins/clock.png
[DEBUG] Falling through to static file handler for: GET /skins/floral.png
[DEBUG] Falling through to static file handler for: GET /skins/gnome.png
[DEBUG] Falling through to static file handler for: GET /skins/mac.png
[DEBUG] Falling through to static file handler for: GET /skins/murica.png
[DEBUG] Falling through to static file handler for: GET /skins/pod-player.png
[DEBUG] Falling through to static file handler for: GET /skins/whale.png
[DEBUG] Falling through to static file handler for: GET /assets/boss-skins/pyraxis.png
[DEBUG] Falling through to static file handler for: GET /assets/boss-skins/abyssos.png
[DEBUG] Falling through to static file handler for: GET /assets/boss-skins/osseus.png
[DEBUG] Falling through to static file handler for: GET /assets/boss-skins/zephyrus.png
[DEBUG] Falling through to static file handler for: GET /skins/ice-dragon.png
[DEBUG] Falling through to static file handler for: GET /favicon-32x32.png
[Admin Access] IP: ::1, Forwarded: undefined, Is Localhost: true
[DEBUG] Falling through to static file handler for: GET /admin/
[Admin Access] IP: ::1, Forwarded: undefined, Is Localhost: true
[DEBUG] Falling through to static file handler for: GET /admin/admin.js
[Admin Access] IP: ::1, Forwarded: undefined, Is Localhost: true
[DEBUG] Falling through to static file handler for: GET /admin/elements.js
[DEBUG] Falling through to static file handler for: GET /elements/data/elements.json
[DEBUG] Falling through to static file handler for: GET /favicon.ico
[DEBUG] Falling through to static file handler for: GET /elements/data/emojis.json
[DEBUG] Falling through to static file handler for: GET /elements/deleted-combinations.json
[DEBUG] Falling through to static file handler for: GET /elements/data/elements.json?t=1751323235680
[DEBUG] Falling through to static file handler for: GET /elements/data/combinations.json?t=1751323235680
[DEBUG] Falling through to static file handler for: GET /elements/deleted-combinations.json?t=1751323235680
[DEBUG] Falling through to static file handler for: GET /elements/data/elements.json?t=1751323249473
[DEBUG] Falling through to static file handler for: GET /elements/data/combinations.json?t=1751323249473
[DEBUG] Falling through to static file handler for: GET /elements/deleted-combinations.json?t=1751323249473
[DEBUG] Falling through to static file handler for: GET /elements/data/elements.json?t=1751323254910
[DEBUG] Falling through to static file handler for: GET /elements/data/combinations.json?t=1751323254910
[DEBUG] Falling through to static file handler for: GET /elements/deleted-combinations.json?t=1751323254910
[Admin Access] IP: ::1, Forwarded: undefined, Is Localhost: true
[DEBUG] Falling through to static file handler for: GET /admin/
[DEBUG] Falling through to static file handler for: GET /.well-known/appspecific/com.chrome.devtools.json
[DEBUG] Falling through to static file handler for: GET /elements/data/elements.json?t=1751323304250
[DEBUG] Falling through to static file handler for: GET /elements/data/combinations.json?t=1751323304250
[DEBUG] Falling through to static file handler for: GET /elements/deleted-combinations.json?t=1751323304250
[Admin Access] IP: ::1, Forwarded: undefined, Is Localhost: true
[DEBUG] Falling through to static file handler for: GET /admin/
[DEBUG] Falling through to static file handler for: GET /.well-known/appspecific/com.chrome.devtools.json
[DEBUG] Falling through to static file handler for: GET /elements/data/elements.json?t=1751323308280
[DEBUG] Falling through to static file handler for: GET /elements/data/combinations.json?t=1751323308280
[DEBUG] Falling through to static file handler for: GET /elements/deleted-combinations.json?t=1751323308280
[DEBUG] Falling through to static file handler for: GET /elements/data/elements.json?t=1751323311757
[DEBUG] Falling through to static file handler for: GET /elements/data/combinations.json?t=1751323311757
[DEBUG] Falling through to static file handler for: GET /elements/deleted-combinations.json?t=1751323311757
[Admin Access] IP: ::1, Forwarded: undefined, Is Localhost: true
[Save] Updated element 20975 in main file
[Save] Added 1 combinations to main file
[Save] Updated 1 emoji mappings in main file
[DEBUG] Falling through to static file handler for: GET /elements/data/elements.json?t=1751323342112
[DEBUG] Falling through to static file handler for: GET /elements/data/combinations.json?t=1751323342112
[DEBUG] Falling through to static file handler for: GET /elements/deleted-combinations.json?t=1751323342112
[Admin Access] IP: ::1, Forwarded: undefined, Is Localhost: true
[DEBUG] Falling through to static file handler for: GET /admin/
[DEBUG] Falling through to static file handler for: GET /.well-known/appspecific/com.chrome.devtools.json
[DEBUG] Falling through to static file handler for: GET /elements/data/elements.json?t=1751323356620
[DEBUG] Falling through to static file handler for: GET /elements/data/combinations.json?t=1751323356620
[DEBUG] Falling through to static file handler for: GET /elements/deleted-combinations.json?t=1751323356620
[DEBUG] Falling through to static file handler for: GET /elements/data/elements.json?t=1751323358865
[DEBUG] Falling through to static file handler for: GET /elements/data/combinations.json?t=1751323358865
[DEBUG] Falling through to static file handler for: GET /elements/deleted-combinations.json?t=1751323358865
[Admin Access] IP: ::1, Forwarded: undefined, Is Localhost: true
[Save] Updated 1 emoji mappings in main file
[DEBUG] Falling through to static file handler for: GET /elements/data/elements.json?t=1751323365261
[DEBUG] Falling through to static file handler for: GET /elements/data/combinations.json?t=1751323365261
[DEBUG] Falling through to static file handler for: GET /elements/deleted-combinations.json?t=1751323365261
[Admin Access] IP: ::1, Forwarded: undefined, Is Localhost: true
[DEBUG] Falling through to static file handler for: GET /admin/
[DEBUG] Falling through to static file handler for: GET /.well-known/appspecific/com.chrome.devtools.json
[Admin Access] IP: ::1, Forwarded: undefined, Is Localhost: true
[DEBUG] Falling through to static file handler for: GET /admin/combinations.html
[DEBUG] Falling through to static file handler for: GET /.well-known/appspecific/com.chrome.devtools.json
[Admin Access] IP: ::1, Forwarded: undefined, Is Localhost: true
[DEBUG] Falling through to static file handler for: GET /admin/combinations.js
[DEBUG] Falling through to static file handler for: GET /elements/data/combinations.json
[Admin Access] IP: ::1, Forwarded: undefined, Is Localhost: true
[DEBUG] Falling through to static file handler for: GET /admin/
[DEBUG] Falling through to static file handler for: GET /.well-known/appspecific/com.chrome.devtools.json
[DEBUG] Falling through to static file handler for: GET /elements/data/elements.json?t=1751323377135
[DEBUG] Falling through to static file handler for: GET /elements/data/combinations.json?t=1751323377135
[DEBUG] Falling through to static file handler for: GET /elements/deleted-combinations.json?t=1751323377135
[Admin Access] IP: ::1, Forwarded: undefined, Is Localhost: true
[DEBUG] Falling through to static file handler for: GET /admin/
[DEBUG] Falling through to static file handler for: GET /.well-known/appspecific/com.chrome.devtools.json
[Admin Access] IP: ::1, Forwarded: undefined, Is Localhost: true
[DEBUG] Falling through to static file handler for: GET /admin/
[DEBUG] Falling through to static file handler for: GET /.well-known/appspecific/com.chrome.devtools.json
[Admin Access] IP: ::1, Forwarded: undefined, Is Localhost: true
[DEBUG] Falling through to static file handler for: GET /admin/
[DEBUG] Falling through to static file handler for: GET /.well-known/appspecific/com.chrome.devtools.json
[DEBUG] Falling through to static file handler for: GET /elements/data/elements.json?t=1751323503805
[DEBUG] Falling through to static file handler for: GET /elements/data/combinations.json?t=1751323503805
[DEBUG] Falling through to static file handler for: GET /elements/deleted-combinations.json?t=1751323503805
[DEBUG] Falling through to static file handler for: GET /elements/data/elements.json?t=1751323509804
[DEBUG] Falling through to static file handler for: GET /elements/data/combinations.json?t=1751323509804
[DEBUG] Falling through to static file handler for: GET /elements/deleted-combinations.json?t=1751323509804
[Admin Access] IP: ::1, Forwarded: undefined, Is Localhost: true
[DEBUG] Falling through to static file handler for: GET /admin/
[DEBUG] Falling through to static file handler for: GET /.well-known/appspecific/com.chrome.devtools.json
[DEBUG] Falling through to static file handler for: GET /elements/data/elements.json?t=1751323550687
[DEBUG] Falling through to static file handler for: GET /elements/data/combinations.json?t=1751323550687
[DEBUG] Falling through to static file handler for: GET /elements/deleted-combinations.json?t=1751323550687
[DEBUG] Falling through to static file handler for: GET /elements/data/elements.json?t=1751323556349
[DEBUG] Falling through to static file handler for: GET /elements/data/combinations.json?t=1751323556349
[DEBUG] Falling through to static file handler for: GET /elements/deleted-combinations.json?t=1751323556349
[DEBUG] Falling through to static file handler for: GET /.well-known/appspecific/com.chrome.devtools.json
[Admin Access] IP: ::1, Forwarded: undefined, Is Localhost: true
[DEBUG] Falling through to static file handler for: GET /admin/combinations.html
[DEBUG] Falling through to static file handler for: GET /.well-known/appspecific/com.chrome.devtools.json
[Admin Access] IP: ::1, Forwarded: undefined, Is Localhost: true
[DEBUG] Falling through to static file handler for: GET /admin/combinations.js
[DEBUG] Falling through to static file handler for: GET /elements/data/combinations.json
[DEBUG] Falling through to static file handler for: GET /
[DEBUG] Falling through to static file handler for: GET /css/skin-selection.css
[DEBUG] Falling through to static file handler for: GET /css/unlock-notifications.css
[DEBUG] Falling through to static file handler for: GET /elements/data/loader.js
[DEBUG] Falling through to static file handler for: GET /js/supabase.js
[DEBUG] Falling through to static file handler for: GET /assets/word-logo.webp
[DEBUG] Falling through to static file handler for: GET /skins/snake-default-green.png
[DEBUG] Falling through to static file handler for: GET /js/skinData.js
[DEBUG] Falling through to static file handler for: GET /js/skinIdMapping.js
[DEBUG] Falling through to static file handler for: GET /js/playerStats.js
[DEBUG] Falling through to static file handler for: GET /js/unlockManager.js
[DEBUG] Falling through to static file handler for: GET /snake-names.json
[Admin Access] IP: ::1, Forwarded: undefined, Is Localhost: true
[DEBUG] Falling through to static file handler for: GET /api/leaderboard?limit=1
[DEBUG] Falling through to static file handler for: GET /elements/data/elements.json?t=1751323601385
[DEBUG] Falling through to static file handler for: GET /elements/deleted-elements.json?t=1751323601385
[DEBUG] Falling through to static file handler for: GET /elements/data/combinations.json?t=1751323601385
[DEBUG] Falling through to static file handler for: GET /elements/deleted-combinations.json?t=1751323601385
[DEBUG] Falling through to static file handler for: GET /elements/data/emojis.json?t=1751323601385
[DEBUG] Falling through to static file handler for: GET /skins/neko.png
[DEBUG] Falling through to static file handler for: GET /skins/35mm.png
[DEBUG] Falling through to static file handler for: GET /skins/Frank.png
[DEBUG] Falling through to static file handler for: GET /skins/af-one.png
[DEBUG] Falling through to static file handler for: GET /skins/barbi.png
[DEBUG] Falling through to static file handler for: GET /skins/boat-mcboatface.png
[DEBUG] Falling through to static file handler for: GET /skins/camera-guy.png
[DEBUG] Falling through to static file handler for: GET /skins/coffee.png
[DEBUG] Falling through to static file handler for: GET /skins/controller.png
[DEBUG] Falling through to static file handler for: GET /skins/diet-cola.png
[DEBUG] Falling through to static file handler for: GET /skins/dog.png
[DEBUG] Falling through to static file handler for: GET /skins/donut.png
[DEBUG] Falling through to static file handler for: GET /skins/flame.png
[DEBUG] Falling through to static file handler for: GET /skins/football.png
[DEBUG] Falling through to static file handler for: GET /skins/fries.png
[DEBUG] Falling through to static file handler for: GET /skins/green-dragon.png
[DEBUG] Falling through to static file handler for: GET /skins/handheld-game.png
[DEBUG] Falling through to static file handler for: GET /skins/hotdog.png
[DEBUG] Falling through to static file handler for: GET /skins/infinity-glove.png
[DEBUG] Falling through to static file handler for: GET /skins/kid-car.png
[DEBUG] Falling through to static file handler for: GET /skins/lovecraft.png
[DEBUG] Falling through to static file handler for: GET /skins/nyan.png
[DEBUG] Falling through to static file handler for: GET /skins/pizza.png
[DEBUG] Falling through to static file handler for: GET /skins/potato.png
[DEBUG] Falling through to static file handler for: GET /skins/racer.png
[DEBUG] Falling through to static file handler for: GET /skins/ramen.png
[DEBUG] Falling through to static file handler for: GET /skins/red-dragon.png
[DEBUG] Falling through to static file handler for: GET /skins/robot.png
[DEBUG] Falling through to static file handler for: GET /skins/santa.png
[DEBUG] Falling through to static file handler for: GET /skins/saturn.png
[DEBUG] Falling through to static file handler for: GET /skins/skibidi.png
[DEBUG] Falling through to static file handler for: GET /skins/snake-2.png
[DEBUG] Falling through to static file handler for: GET /skins/space-cadet.png
[DEBUG] Falling through to static file handler for: GET /skins/tornado.png
[DEBUG] Falling through to static file handler for: GET /skins/tv.png
[DEBUG] Falling through to static file handler for: GET /skins/unicorn.png
[DEBUG] Falling through to static file handler for: GET /skins/brick-man.png
[DEBUG] Falling through to static file handler for: GET /skins/buffalo.png
[DEBUG] Falling through to static file handler for: GET /skins/clock.png
[DEBUG] Falling through to static file handler for: GET /skins/floral.png
[DEBUG] Falling through to static file handler for: GET /skins/gnome.png
[DEBUG] Falling through to static file handler for: GET /skins/mac.png
[DEBUG] Falling through to static file handler for: GET /skins/murica.png
[DEBUG] Falling through to static file handler for: GET /skins/pod-player.png
[DEBUG] Falling through to static file handler for: GET /skins/whale.png
[DEBUG] Falling through to static file handler for: GET /assets/boss-skins/pyraxis.png
[DEBUG] Falling through to static file handler for: GET /assets/boss-skins/abyssos.png
[DEBUG] Falling through to static file handler for: GET /assets/boss-skins/osseus.png
[DEBUG] Falling through to static file handler for: GET /assets/boss-skins/zephyrus.png
[DEBUG] Falling through to static file handler for: GET /skins/ice-dragon.png
[DEBUG] Falling through to static file handler for: GET /favicon-32x32.png
[DEBUG] Falling through to static file handler for: GET /sounds/retro-arcade-beep.mp3
[DEBUG] Falling through to static file handler for: GET /sounds/retro-arcade-beep.mp3
[DEBUG] Falling through to static file handler for: GET /sounds/blip.mp3
[DEBUG] Falling through to static file handler for: GET /sounds/fire-impact.mp3
[DEBUG] Falling through to static file handler for: GET /sounds/blip.mp3
[DEBUG] Falling through to static file handler for: GET /sounds/fire-impact.mp3
[DEBUG] Falling through to static file handler for: GET /sounds/blip.mp3
[DEBUG] Falling through to static file handler for: GET /sounds/blip.mp3
[DEBUG] Falling through to static file handler for: GET /sounds/fire-impact.mp3
[DEBUG] Falling through to static file handler for: GET /sounds/magic-energy-whoosh.mp3
[DEBUG] Falling through to static file handler for: GET /sounds/blip.mp3
[DEBUG] Falling through to static file handler for: GET /sounds/magma-roar.mp3
[DEBUG] Falling through to static file handler for: GET /sounds/fire-impact.mp3
[DEBUG] Falling through to static file handler for: GET /sounds/power-surge.mp3
[DEBUG] Falling through to static file handler for: GET /sounds/whoosh-burst.mp3
[DEBUG] Falling through to static file handler for: GET /sounds/magic-energy-whoosh.mp3
[DEBUG] Falling through to static file handler for: GET /sounds/magma-roar.mp3
[DEBUG] Falling through to static file handler for: GET /sounds/fire-impact.mp3
[DEBUG] Falling through to static file handler for: GET /sounds/power-surge.mp3
[DEBUG] Falling through to static file handler for: GET /sounds/whoosh-burst.mp3
[DEBUG] Falling through to static file handler for: GET /sounds/magic-energy-whoosh.mp3
[DEBUG] Falling through to static file handler for: GET /sounds/magma-roar.mp3
[DEBUG] Falling through to static file handler for: GET /sounds/power-surge.mp3
[DEBUG] Falling through to static file handler for: GET /sounds/8-bit-blip.mp3
[DEBUG] Falling through to static file handler for: GET /sounds/whoosh-burst.mp3
[DEBUG] Falling through to static file handler for: GET /music/headliner.mp3
[DEBUG] Falling through to static file handler for: GET /sounds/8-bit-blip.mp3
[DEBUG] Falling through to static file handler for: GET /sounds/8-bit-blip.mp3
[DEBUG] Falling through to static file handler for: GET /sounds/blip.mp3
[DEBUG] Falling through to static file handler for: GET /sounds/blip.mp3
[DEBUG] Falling through to static file handler for: GET /sounds/blip.mp3
[Admin Access] IP: ::1, Forwarded: undefined, Is Localhost: true
[DEBUG] Falling through to static file handler for: GET /admin/combinations.html
[DEBUG] Falling through to static file handler for: GET /.well-known/appspecific/com.chrome.devtools.json
[Admin Access] IP: ::1, Forwarded: undefined, Is Localhost: true
[DEBUG] Falling through to static file handler for: GET /admin/combinations.js
[DEBUG] Falling through to static file handler for: GET /elements/data/combinations.json
[Admin Access] IP: ::1, Forwarded: undefined, Is Localhost: true
[DEBUG] Falling through to static file handler for: GET /admin/?search=20975
[DEBUG] Falling through to static file handler for: GET /.well-known/appspecific/com.chrome.devtools.json
[DEBUG] Falling through to static file handler for: GET /elements/data/elements.json?t=1751325331325
[DEBUG] Falling through to static file handler for: GET /elements/data/combinations.json?t=1751325331325
[DEBUG] Falling through to static file handler for: GET /elements/deleted-combinations.json?t=1751325331325
[Admin Access] IP: ::1, Forwarded: undefined, Is Localhost: true
[DEBUG] Falling through to static file handler for: GET /admin/?search=20975
[DEBUG] Falling through to static file handler for: GET /.well-known/appspecific/com.chrome.devtools.json
[DEBUG] Falling through to static file handler for: GET /elements/data/emojis.json
[DEBUG] Falling through to static file handler for: GET /elements/deleted-combinations.json
[DEBUG] Falling through to static file handler for: GET /elements/data/elements.json?t=1751325337192
[DEBUG] Falling through to static file handler for: GET /elements/data/combinations.json?t=1751325337192
[DEBUG] Falling through to static file handler for: GET /elements/deleted-combinations.json?t=1751325337192
[DEBUG] Falling through to static file handler for: GET /elements/data/elements.json?t=1751325341178
[DEBUG] Falling through to static file handler for: GET /elements/data/combinations.json?t=1751325341178
[DEBUG] Falling through to static file handler for: GET /elements/deleted-combinations.json?t=1751325341178
[Admin Access] IP: ::1, Forwarded: undefined, Is Localhost: true
[Save] Updated 1 emoji mappings in main file
[DEBUG] Falling through to static file handler for: GET /elements/data/elements.json?t=1751325351260
[DEBUG] Falling through to static file handler for: GET /elements/data/combinations.json?t=1751325351260
[DEBUG] Falling through to static file handler for: GET /elements/deleted-combinations.json?t=1751325351260
[Admin Access] IP: ::1, Forwarded: undefined, Is Localhost: true
[DELETE] Handling delete-combination request
[DEBUG] Falling through to static file handler for: GET /elements/data/elements.json?t=1751325356703
[DEBUG] Falling through to static file handler for: GET /elements/data/combinations.json?t=1751325356703
[DEBUG] Falling through to static file handler for: GET /elements/deleted-combinations.json?t=1751325356703
[Admin Access] IP: ::1, Forwarded: undefined, Is Localhost: true
[DEBUG] Falling through to static file handler for: GET /admin/?search=20975
[DEBUG] Falling through to static file handler for: GET /.well-known/appspecific/com.chrome.devtools.json
[DEBUG] Falling through to static file handler for: GET /elements/data/emojis.json
[DEBUG] Falling through to static file handler for: GET /elements/deleted-combinations.json
[DEBUG] Falling through to static file handler for: GET /elements/data/elements.json?t=1751325361783
[DEBUG] Falling through to static file handler for: GET /elements/data/combinations.json?t=1751325361783
[DEBUG] Falling through to static file handler for: GET /elements/deleted-combinations.json?t=1751325361783
[DEBUG] Falling through to static file handler for: GET /
[DEBUG] Falling through to static file handler for: GET /css/skin-selection.css
[DEBUG] Falling through to static file handler for: GET /css/unlock-notifications.css
[DEBUG] Falling through to static file handler for: GET /js/skinData.js
[DEBUG] Falling through to static file handler for: GET /js/skinIdMapping.js
[DEBUG] Falling through to static file handler for: GET /js/playerStats.js
[DEBUG] Falling through to static file handler for: GET /js/unlockManager.js
[Admin Access] IP: ::1, Forwarded: undefined, Is Localhost: true
[DEBUG] Falling through to static file handler for: GET /api/leaderboard?limit=1
[DEBUG] Falling through to static file handler for: GET /elements/data/elements.json?t=1751328023762
[DEBUG] Falling through to static file handler for: GET /elements/deleted-elements.json?t=1751328023762
[DEBUG] Falling through to static file handler for: GET /elements/data/combinations.json?t=1751328023762
[DEBUG] Falling through to static file handler for: GET /elements/deleted-combinations.json?t=1751328023762
[DEBUG] Falling through to static file handler for: GET /elements/data/emojis.json?t=1751328023762
[DEBUG] Falling through to static file handler for: GET /sounds/retro-arcade-beep.mp3
[DEBUG] Falling through to static file handler for: GET /sounds/retro-arcade-beep.mp3
[DEBUG] Falling through to static file handler for: GET /sounds/unlock-common.mp3
[DEBUG] Falling through to static file handler for: GET /sounds/retro-arcade-beep.mp3
[DEBUG] Falling through to static file handler for: GET /sounds/retro-arcade-beep.mp3
[DEBUG] Falling through to static file handler for: GET /sounds/retro-arcade-beep.mp3
[DEBUG] Falling through to static file handler for: GET /sounds/retro-arcade-beep.mp3
[DEBUG] Falling through to static file handler for: GET /sounds/retro-arcade-beep.mp3
[DEBUG] Falling through to static file handler for: GET /sounds/retro-arcade-beep.mp3
[DEBUG] Falling through to static file handler for: GET /sounds/retro-arcade-beep.mp3
[DEBUG] Falling through to static file handler for: GET /sounds/retro-arcade-beep.mp3
[DEBUG] Falling through to static file handler for: GET /sounds/retro-arcade-beep.mp3
[DEBUG] Falling through to static file handler for: GET /sounds/retro-arcade-beep.mp3
[DEBUG] Falling through to static file handler for: GET /sounds/retro-arcade-beep.mp3
[DEBUG] Falling through to static file handler for: GET /sounds/retro-arcade-beep.mp3
[DEBUG] Falling through to static file handler for: GET /sounds/retro-arcade-beep.mp3
[DEBUG] Falling through to static file handler for: GET /sounds/retro-arcade-beep.mp3
[DEBUG] Falling through to static file handler for: GET /sounds/retro-arcade-beep.mp3
[DEBUG] Falling through to static file handler for: GET /sounds/retro-arcade-beep.mp3
[DEBUG] Falling through to static file handler for: GET /sounds/retro-arcade-beep.mp3
[DEBUG] Falling through to static file handler for: GET /sounds/retro-arcade-beep.mp3
[DEBUG] Falling through to static file handler for: GET /sounds/retro-arcade-beep.mp3
[DEBUG] Falling through to static file handler for: GET /sounds/retro-arcade-beep.mp3
[DEBUG] Falling through to static file handler for: GET /sounds/retro-arcade-beep.mp3
[DEBUG] Falling through to static file handler for: GET /sounds/retro-arcade-beep.mp3
[DEBUG] Falling through to static file handler for: GET /sounds/retro-arcade-beep.mp3
[DEBUG] Falling through to static file handler for: GET /sounds/retro-arcade-beep.mp3
[DEBUG] Falling through to static file handler for: GET /sounds/retro-arcade-beep.mp3
[DEBUG] Falling through to static file handler for: GET /sounds/retro-arcade-beep.mp3
[DEBUG] Falling through to static file handler for: GET /sounds/retro-arcade-beep.mp3
[DEBUG] Falling through to static file handler for: GET /sounds/retro-arcade-beep.mp3
[DEBUG] Falling through to static file handler for: GET /sounds/retro-arcade-beep.mp3
[DEBUG] Falling through to static file handler for: GET /sounds/retro-arcade-beep.mp3
[DEBUG] Falling through to static file handler for: GET /sounds/retro-arcade-beep.mp3
[DEBUG] Falling through to static file handler for: GET /sounds/retro-arcade-beep.mp3
[DEBUG] Falling through to static file handler for: GET /sounds/retro-arcade-beep.mp3
[DEBUG] Falling through to static file handler for: GET /sounds/retro-arcade-beep.mp3
[DEBUG] Falling through to static file handler for: GET /sounds/retro-arcade-beep.mp3
[DEBUG] Falling through to static file handler for: GET /sounds/retro-arcade-beep.mp3
[DEBUG] Falling through to static file handler for: GET /sounds/retro-arcade-beep.mp3
[DEBUG] Falling through to static file handler for: GET /sounds/retro-arcade-beep.mp3
[DEBUG] Falling through to static file handler for: GET /sounds/retro-arcade-beep.mp3
[DEBUG] Falling through to static file handler for: GET /sounds/retro-arcade-beep.mp3
[DEBUG] Falling through to static file handler for: GET /sounds/retro-arcade-beep.mp3
[DEBUG] Falling through to static file handler for: GET /sounds/retro-arcade-beep.mp3
[DEBUG] Falling through to static file handler for: GET /sounds/retro-arcade-beep.mp3
[DEBUG] Falling through to static file handler for: GET /sounds/retro-arcade-beep.mp3
[DEBUG] Falling through to static file handler for: GET /sounds/retro-arcade-beep.mp3
[DEBUG] Falling through to static file handler for: GET /sounds/retro-arcade-beep.mp3
[DEBUG] Falling through to static file handler for: GET /sounds/retro-arcade-beep.mp3
[DEBUG] Falling through to static file handler for: GET /sounds/retro-arcade-beep.mp3
[DEBUG] Falling through to static file handler for: GET /sounds/retro-arcade-beep.mp3
[DEBUG] Falling through to static file handler for: GET /css/skin-selection.css
[DEBUG] Falling through to static file handler for: GET /css/unlock-notifications.css
[DEBUG] Falling through to static file handler for: GET /.well-known/appspecific/com.chrome.devtools.json
[DEBUG] Falling through to static file handler for: GET /sounds/retro-arcade-beep.mp3
[DEBUG] Falling through to static file handler for: GET /sounds/retro-arcade-beep.mp3
[DEBUG] Falling through to static file handler for: GET /sounds/retro-arcade-beep.mp3
[DEBUG] Falling through to static file handler for: GET /sounds/osseus-laugh.mp3
[DEBUG] Falling through to static file handler for: GET /sounds/osseus-laugh.mp3
[DEBUG] Falling through to static file handler for: GET /sounds/boom-explosion.mp3
[DEBUG] Falling through to static file handler for: GET /sounds/boom-explosion.mp3
[DEBUG] Falling through to static file handler for: GET /sounds/unlock-uncommon.mp3
[DEBUG] Falling through to static file handler for: GET /sounds/unlock-uncommon.mp3
[DEBUG] Falling through to static file handler for: GET /sounds/boom-explosion.mp3
[DEBUG] Falling through to static file handler for: GET /sounds/boom-explosion.mp3
[DEBUG] Falling through to static file handler for: GET /sounds/boom-explosion.mp3
[DEBUG] Falling through to static file handler for: GET /sounds/boom-explosion.mp3
[DEBUG] Falling through to static file handler for: GET /sounds/retro-arcade-beep.mp3
[DEBUG] Falling through to static file handler for: GET /sounds/boom-explosion.mp3
[DEBUG] Falling through to static file handler for: GET /sounds/boom-explosion.mp3
[DEBUG] Falling through to static file handler for: GET /sounds/boom-explosion.mp3
[DEBUG] Falling through to static file handler for: GET /sounds/boom-explosion.mp3
[DEBUG] Falling through to static file handler for: GET /sounds/osseus-laugh.mp3
[DEBUG] Falling through to static file handler for: GET /sounds/boom-explosion.mp3
[DEBUG] Falling through to static file handler for: GET /sounds/boom-explosion.mp3
[DEBUG] Falling through to static file handler for: GET /sounds/retro-arcade-beep.mp3
[DEBUG] Falling through to static file handler for: GET /sounds/boom-explosion.mp3
[DEBUG] Falling through to static file handler for: GET /sounds/boom-explosion.mp3
[DEBUG] Falling through to static file handler for: GET /sounds/boom-explosion.mp3
[DEBUG] Falling through to static file handler for: GET /sounds/boom-explosion.mp3
[DEBUG] Falling through to static file handler for: GET /sounds/boom-explosion.mp3
[DEBUG] Falling through to static file handler for: GET /sounds/boom-explosion.mp3
[DEBUG] Falling through to static file handler for: GET /sounds/boom-explosion.mp3
[DEBUG] Falling through to static file handler for: GET /sounds/boom-explosion.mp3
[DEBUG] Falling through to static file handler for: GET /sounds/boom-explosion.mp3
[DEBUG] Falling through to static file handler for: GET /sounds/boom-explosion.mp3
[DEBUG] Falling through to static file handler for: GET /sounds/unlock-common.mp3
[DEBUG] Falling through to static file handler for: GET /sounds/boom-explosion.mp3
[DEBUG] Falling through to static file handler for: GET /sounds/boom-explosion.mp3
[DEBUG] Falling through to static file handler for: GET /sounds/boom-explosion.mp3
[DEBUG] Falling through to static file handler for: GET /sounds/boom-explosion.mp3
[DEBUG] Falling through to static file handler for: GET /sounds/boom-explosion.mp3
[DEBUG] Falling through to static file handler for: GET /sounds/boom-explosion.mp3
[DEBUG] Falling through to static file handler for: GET /sounds/boom-explosion.mp3
[DEBUG] Falling through to static file handler for: GET /sounds/boom-explosion.mp3
[DEBUG] Falling through to static file handler for: GET /sounds/boom-explosion.mp3
[DEBUG] Falling through to static file handler for: GET /sounds/boom-explosion.mp3
[DEBUG] Falling through to static file handler for: GET /sounds/boom-explosion.mp3
[DEBUG] Falling through to static file handler for: GET /sounds/boom-explosion.mp3
[DEBUG] Falling through to static file handler for: GET /sounds/boom-explosion.mp3
[DEBUG] Falling through to static file handler for: GET /sounds/boom-explosion.mp3
[DEBUG] Falling through to static file handler for: GET /sounds/boom-explosion.mp3
[DEBUG] Falling through to static file handler for: GET /sounds/boom-explosion.mp3
[DEBUG] Falling through to static file handler for: GET /sounds/unlock-common.mp3
[DEBUG] Falling through to static file handler for: GET /sounds/retro-arcade-beep.mp3
[DEBUG] Falling through to static file handler for: GET /sounds/boom-explosion.mp3
[DEBUG] Falling through to static file handler for: GET /sounds/boom-explosion.mp3
[DEBUG] Falling through to static file handler for: GET /sounds/boom-explosion.mp3
[DEBUG] Falling through to static file handler for: GET /sounds/boom-explosion.mp3
[DEBUG] Falling through to static file handler for: GET /sounds/retro-arcade-beep.mp3
[DEBUG] Falling through to static file handler for: GET /sounds/boom-explosion.mp3
[DEBUG] Falling through to static file handler for: GET /sounds/boom-explosion.mp3
[DEBUG] Falling through to static file handler for: GET /sounds/boom-explosion.mp3
[DEBUG] Falling through to static file handler for: GET /sounds/boom-explosion.mp3
[DEBUG] Falling through to static file handler for: GET /sounds/retro-arcade-beep.mp3
[DEBUG] Falling through to static file handler for: GET /sounds/boom-explosion.mp3
[DEBUG] Falling through to static file handler for: GET /sounds/boom-explosion.mp3
[DEBUG] Falling through to static file handler for: GET /sounds/boom-explosion.mp3
[DEBUG] Falling through to static file handler for: GET /sounds/boom-explosion.mp3
[DEBUG] Falling through to static file handler for: GET /sounds/boom-explosion.mp3
[DEBUG] Falling through to static file handler for: GET /sounds/boom-explosion.mp3
[DEBUG] Falling through to static file handler for: GET /sounds/osseus-laugh.mp3
[DEBUG] Falling through to static file handler for: GET /sounds/success-tone.mp3
[Admin Access] IP: ::1, Forwarded: undefined, Is Localhost: true
[DEBUG] Falling through to static file handler for: GET /api/leaderboard?period=daily&limit=10
[DEBUG] Falling through to static file handler for: GET /sounds/retro-arcade-beep.mp3
[DEBUG] Falling through to static file handler for: GET /sounds/retro-arcade-beep.mp3
[DEBUG] Falling through to static file handler for: GET /sounds/retro-arcade-beep.mp3
[DEBUG] Falling through to static file handler for: GET /sounds/retro-arcade-beep.mp3
[DEBUG] Falling through to static file handler for: GET /sounds/retro-arcade-beep.mp3
[DEBUG] Falling through to static file handler for: GET /sounds/retro-arcade-beep.mp3
[DEBUG] Falling through to static file handler for: GET /sounds/retro-arcade-beep.mp3
[DEBUG] Falling through to static file handler for: GET /sounds/retro-arcade-beep.mp3
[DEBUG] Falling through to static file handler for: GET /sounds/retro-arcade-beep.mp3
[DEBUG] Falling through to static file handler for: GET /sounds/retro-arcade-beep.mp3
[DEBUG] Falling through to static file handler for: GET /sounds/retro-arcade-beep.mp3
[DEBUG] Falling through to static file handler for: GET /sounds/retro-arcade-beep.mp3
[DEBUG] Falling through to static file handler for: GET /sounds/retro-arcade-beep.mp3
[DEBUG] Falling through to static file handler for: GET /sounds/retro-arcade-beep.mp3
[DEBUG] Falling through to static file handler for: GET /sounds/retro-arcade-beep.mp3
[DEBUG] Falling through to static file handler for: GET /sounds/retro-arcade-beep.mp3
[DEBUG] Falling through to static file handler for: GET /sounds/retro-arcade-beep.mp3
[DEBUG] Falling through to static file handler for: GET /sounds/retro-arcade-beep.mp3
[DEBUG] Falling through to static file handler for: GET /sounds/retro-arcade-beep.mp3
[DEBUG] Falling through to static file handler for: GET /sounds/retro-arcade-beep.mp3
[DEBUG] Falling through to static file handler for: GET /sounds/retro-arcade-beep.mp3
[DEBUG] Falling through to static file handler for: GET /sounds/retro-arcade-beep.mp3
[DEBUG] Falling through to static file handler for: GET /elements/data/elements.json?t=1751330101611
[DEBUG] Falling through to static file handler for: GET /elements/data/combinations.json?t=1751330101611
[DEBUG] Falling through to static file handler for: GET /elements/deleted-combinations.json?t=1751330101611
[Admin Access] IP: ::1, Forwarded: undefined, Is Localhost: true
[Save] Updated 1 emoji mappings in main file
[DEBUG] Falling through to static file handler for: GET /elements/data/elements.json?t=1751330112682
[DEBUG] Falling through to static file handler for: GET /elements/data/combinations.json?t=1751330112682
[DEBUG] Falling through to static file handler for: GET /elements/deleted-combinations.json?t=1751330112682
[Admin Access] IP: ::1, Forwarded: undefined, Is Localhost: true
[Save] Added 2 combinations to main file
[DEBUG] Falling through to static file handler for: GET /elements/data/elements.json?t=1751330123441
[DEBUG] Falling through to static file handler for: GET /elements/data/combinations.json?t=1751330123441
[DEBUG] Falling through to static file handler for: GET /elements/deleted-combinations.json?t=1751330123441
[DEBUG] Falling through to static file handler for: GET /elements/data/elements.json?t=1751330125541
[DEBUG] Falling through to static file handler for: GET /elements/data/combinations.json?t=1751330125541
[DEBUG] Falling through to static file handler for: GET /elements/deleted-combinations.json?t=1751330125541
[Admin Access] IP: ::1, Forwarded: undefined, Is Localhost: true
[DELETE] Handling delete-combination request
[DEBUG] Falling through to static file handler for: GET /elements/data/elements.json?t=1751330129966
[DEBUG] Falling through to static file handler for: GET /elements/data/combinations.json?t=1751330129966
[DEBUG] Falling through to static file handler for: GET /elements/deleted-combinations.json?t=1751330129966
[Admin Access] IP: ::1, Forwarded: undefined, Is Localhost: true
[Save] Added 2 combinations to main file
[DEBUG] Falling through to static file handler for: GET /elements/data/elements.json?t=1751330148689
[DEBUG] Falling through to static file handler for: GET /elements/data/combinations.json?t=1751330148689
[DEBUG] Falling through to static file handler for: GET /elements/deleted-combinations.json?t=1751330148689
[Admin Access] IP: ::1, Forwarded: undefined, Is Localhost: true
[Save] Added 2 combinations to main file
[DEBUG] Falling through to static file handler for: GET /elements/data/elements.json?t=1751330159850
[DEBUG] Falling through to static file handler for: GET /elements/data/combinations.json?t=1751330159850
[DEBUG] Falling through to static file handler for: GET /elements/deleted-combinations.json?t=1751330159850
[DEBUG] Falling through to static file handler for: GET /elements/data/elements.json?t=1751330174109
[DEBUG] Falling through to static file handler for: GET /elements/data/combinations.json?t=1751330174109
[DEBUG] Falling through to static file handler for: GET /elements/deleted-combinations.json?t=1751330174109
[Admin Access] IP: ::1, Forwarded: undefined, Is Localhost: true
[Save] Added 2 combinations to main file
[DEBUG] Falling through to static file handler for: GET /elements/data/elements.json?t=1751330190295
[DEBUG] Falling through to static file handler for: GET /elements/data/combinations.json?t=1751330190295
[DEBUG] Falling through to static file handler for: GET /elements/deleted-combinations.json?t=1751330190295
[DEBUG] Falling through to static file handler for: GET /elements/data/elements.json?t=1751330208328
[DEBUG] Falling through to static file handler for: GET /elements/data/combinations.json?t=1751330208328
[DEBUG] Falling through to static file handler for: GET /elements/deleted-combinations.json?t=1751330208328
[DEBUG] Falling through to static file handler for: GET /elements/data/elements.json?t=1751330212460
[DEBUG] Falling through to static file handler for: GET /elements/data/combinations.json?t=1751330212460
[DEBUG] Falling through to static file handler for: GET /elements/deleted-combinations.json?t=1751330212460
[DEBUG] Falling through to static file handler for: GET /elements/data/elements.json?t=1751330223144
[DEBUG] Falling through to static file handler for: GET /elements/data/combinations.json?t=1751330223144
[DEBUG] Falling through to static file handler for: GET /elements/deleted-combinations.json?t=1751330223144
[Admin Access] IP: ::1, Forwarded: undefined, Is Localhost: true
[DELETE] Handling delete-combination request
[DEBUG] Falling through to static file handler for: GET /elements/data/elements.json?t=1751330227600
[DEBUG] Falling through to static file handler for: GET /elements/data/combinations.json?t=1751330227600
[DEBUG] Falling through to static file handler for: GET /elements/deleted-combinations.json?t=1751330227600
[Admin Access] IP: ::1, Forwarded: undefined, Is Localhost: true
[Save] Added 2 combinations to main file
[DEBUG] Falling through to static file handler for: GET /elements/data/elements.json?t=1751330276959
[DEBUG] Falling through to static file handler for: GET /elements/data/combinations.json?t=1751330276959
[DEBUG] Falling through to static file handler for: GET /elements/deleted-combinations.json?t=1751330276959
[Admin Access] IP: ::1, Forwarded: undefined, Is Localhost: true
[Save] Added 2 combinations to main file
[DEBUG] Falling through to static file handler for: GET /elements/data/elements.json?t=1751330285194
[DEBUG] Falling through to static file handler for: GET /elements/data/combinations.json?t=1751330285194
[DEBUG] Falling through to static file handler for: GET /elements/deleted-combinations.json?t=1751330285194
[DEBUG] Falling through to static file handler for: GET /elements/data/elements.json?t=1751330291496
[DEBUG] Falling through to static file handler for: GET /elements/data/combinations.json?t=1751330291496
[DEBUG] Falling through to static file handler for: GET /elements/deleted-combinations.json?t=1751330291496
[Admin Access] IP: ::1, Forwarded: undefined, Is Localhost: true
[Save] Added 2 combinations to main file
[DEBUG] Falling through to static file handler for: GET /elements/data/elements.json?t=1751330309154
[DEBUG] Falling through to static file handler for: GET /elements/data/combinations.json?t=1751330309154
[DEBUG] Falling through to static file handler for: GET /elements/deleted-combinations.json?t=1751330309154
[DEBUG] Falling through to static file handler for: GET /elements/data/elements.json?t=1751330714306
[DEBUG] Falling through to static file handler for: GET /elements/data/combinations.json?t=1751330714306
[DEBUG] Falling through to static file handler for: GET /elements/deleted-combinations.json?t=1751330714306
[Admin Access] IP: ::1, Forwarded: undefined, Is Localhost: true
[DELETE] Handling delete-combination request
[DEBUG] Falling through to static file handler for: GET /elements/data/elements.json?t=1751330723394
[DEBUG] Falling through to static file handler for: GET /elements/data/combinations.json?t=1751330723394
[DEBUG] Falling through to static file handler for: GET /elements/deleted-combinations.json?t=1751330723394
[Admin Access] IP: ::1, Forwarded: undefined, Is Localhost: true
[Save] Updated 1 emoji mappings in main file
[DEBUG] Falling through to static file handler for: GET /elements/data/elements.json?t=1751330732204
[DEBUG] Falling through to static file handler for: GET /elements/data/combinations.json?t=1751330732204
[DEBUG] Falling through to static file handler for: GET /elements/deleted-combinations.json?t=1751330732204
[Admin Access] IP: ::1, Forwarded: undefined, Is Localhost: true
[Save] Added 2 combinations to main file
[DEBUG] Falling through to static file handler for: GET /elements/data/elements.json?t=1751330746100
[DEBUG] Falling through to static file handler for: GET /elements/data/combinations.json?t=1751330746100
[DEBUG] Falling through to static file handler for: GET /elements/deleted-combinations.json?t=1751330746100
[Admin Access] IP: ::1, Forwarded: undefined, Is Localhost: true
[DELETE] Handling delete-combination request
[DEBUG] Falling through to static file handler for: GET /elements/data/elements.json?t=1751330748784
[DEBUG] Falling through to static file handler for: GET /elements/data/combinations.json?t=1751330748784
[DEBUG] Falling through to static file handler for: GET /elements/deleted-combinations.json?t=1751330748784
[Admin Access] IP: ::1, Forwarded: undefined, Is Localhost: true
[Save] Added 2 combinations to main file
[DEBUG] Falling through to static file handler for: GET /elements/data/elements.json?t=1751330761239
[DEBUG] Falling through to static file handler for: GET /elements/data/combinations.json?t=1751330761239
[DEBUG] Falling through to static file handler for: GET /elements/deleted-combinations.json?t=1751330761239
[Admin Access] IP: ::1, Forwarded: undefined, Is Localhost: true
[Save] Added 2 combinations to main file
[DEBUG] Falling through to static file handler for: GET /elements/data/elements.json?t=1751330778107
[DEBUG] Falling through to static file handler for: GET /elements/data/combinations.json?t=1751330778107
[DEBUG] Falling through to static file handler for: GET /elements/deleted-combinations.json?t=1751330778107
[DEBUG] Falling through to static file handler for: GET /elements/data/elements.json?t=1751330781638
[DEBUG] Falling through to static file handler for: GET /elements/data/combinations.json?t=1751330781638
[DEBUG] Falling through to static file handler for: GET /elements/deleted-combinations.json?t=1751330781638
[Admin Access] IP: ::1, Forwarded: undefined, Is Localhost: true
[Save] Updated 1 emoji mappings in main file
[DEBUG] Falling through to static file handler for: GET /elements/data/elements.json?t=1751330795267
[DEBUG] Falling through to static file handler for: GET /elements/data/combinations.json?t=1751330795267
[DEBUG] Falling through to static file handler for: GET /elements/deleted-combinations.json?t=1751330795267
[Admin Access] IP: ::1, Forwarded: undefined, Is Localhost: true
[DELETE] Handling delete-combination request
[DEBUG] Falling through to static file handler for: GET /elements/data/elements.json?t=1751330809473
[DEBUG] Falling through to static file handler for: GET /elements/data/combinations.json?t=1751330809473
[DEBUG] Falling through to static file handler for: GET /elements/deleted-combinations.json?t=1751330809473
[Admin Access] IP: ::1, Forwarded: undefined, Is Localhost: true
[Save] Added 2 combinations to main file
[DEBUG] Falling through to static file handler for: GET /elements/data/elements.json?t=1751330840895
[DEBUG] Falling through to static file handler for: GET /elements/data/combinations.json?t=1751330840895
[DEBUG] Falling through to static file handler for: GET /elements/deleted-combinations.json?t=1751330840895
[Admin Access] IP: ::1, Forwarded: undefined, Is Localhost: true
[DEBUG] Falling through to static file handler for: GET /admin/
[Admin Access] IP: ::1, Forwarded: undefined, Is Localhost: true
[DEBUG] Falling through to static file handler for: GET /admin/admin.js
[Admin Access] IP: ::1, Forwarded: undefined, Is Localhost: true
[DEBUG] Falling through to static file handler for: GET /admin/elements.js
[DEBUG] Falling through to static file handler for: GET /elements/data/elements.json
[DEBUG] Falling through to static file handler for: GET /elements/data/elements.json
[DEBUG] Falling through to static file handler for: GET /elements/data/emojis.json?t=1751330851681&cb=0.5276221204080207
[DEBUG] Falling through to static file handler for: GET /elements/data/emojis.json?t=1751330851691&cb=0.1379845172848383
[DEBUG] Falling through to static file handler for: GET /elements/deleted-combinations.json
[DEBUG] Falling through to static file handler for: GET /elements/data/elements.json?t=1751330864806
[DEBUG] Falling through to static file handler for: GET /elements/data/combinations.json?t=1751330864806
[DEBUG] Falling through to static file handler for: GET /elements/deleted-combinations.json?t=1751330864806
[Admin Access] IP: ::1, Forwarded: undefined, Is Localhost: true
[Save] Updated 1 emoji mappings in main file
[DEBUG] Falling through to static file handler for: GET /elements/data/elements.json?t=1751330876110
[DEBUG] Falling through to static file handler for: GET /elements/data/combinations.json?t=1751330876110
[DEBUG] Falling through to static file handler for: GET /elements/deleted-combinations.json?t=1751330876110
[Admin Access] IP: ::1, Forwarded: undefined, Is Localhost: true
[POST] Handling delete-combination request
[DEBUG] Falling through to static file handler for: GET /elements/data/elements.json?t=1751330878923
[DEBUG] Falling through to static file handler for: GET /elements/data/combinations.json?t=1751330878923
[DEBUG] Falling through to static file handler for: GET /elements/deleted-combinations.json?t=1751330878923
[Admin Access] IP: ::1, Forwarded: undefined, Is Localhost: true
[POST] Handling delete-combination request
[DEBUG] Falling through to static file handler for: GET /elements/data/elements.json?t=1751330880977
[DEBUG] Falling through to static file handler for: GET /elements/data/combinations.json?t=1751330880977
[DEBUG] Falling through to static file handler for: GET /elements/deleted-combinations.json?t=1751330880977
[Admin Access] IP: ::1, Forwarded: undefined, Is Localhost: true
[Save] Added 2 combinations to main file
[DEBUG] Falling through to static file handler for: GET /elements/data/elements.json?t=1751330889238
[DEBUG] Falling through to static file handler for: GET /elements/data/combinations.json?t=1751330889238
[DEBUG] Falling through to static file handler for: GET /elements/deleted-combinations.json?t=1751330889238
[Admin Access] IP: ::1, Forwarded: undefined, Is Localhost: true
[Save] Added 1 combinations to main file
[DEBUG] Falling through to static file handler for: GET /elements/data/elements.json?t=1751330897564
[DEBUG] Falling through to static file handler for: GET /elements/data/combinations.json?t=1751330897564
[DEBUG] Falling through to static file handler for: GET /elements/deleted-combinations.json?t=1751330897564
[DEBUG] Falling through to static file handler for: GET /elements/data/elements.json?t=1751330904117
[DEBUG] Falling through to static file handler for: GET /elements/data/combinations.json?t=1751330904117
[DEBUG] Falling through to static file handler for: GET /elements/deleted-combinations.json?t=1751330904117
[Admin Access] IP: ::1, Forwarded: undefined, Is Localhost: true
[Save] Updated 1 emoji mappings in main file
[DEBUG] Falling through to static file handler for: GET /elements/data/elements.json?t=1751330927213
[DEBUG] Falling through to static file handler for: GET /elements/data/combinations.json?t=1751330927213
[DEBUG] Falling through to static file handler for: GET /elements/deleted-combinations.json?t=1751330927213
[Admin Access] IP: ::1, Forwarded: undefined, Is Localhost: true
[Save] Added 2 combinations to main file
[DEBUG] Falling through to static file handler for: GET /elements/data/elements.json?t=1751330938569
[DEBUG] Falling through to static file handler for: GET /elements/data/combinations.json?t=1751330938569
[DEBUG] Falling through to static file handler for: GET /elements/deleted-combinations.json?t=1751330938569
[Admin Access] IP: ::1, Forwarded: undefined, Is Localhost: true
[Save] Added 2 combinations to main file
[DEBUG] Falling through to static file handler for: GET /elements/data/elements.json?t=1751330948543
[DEBUG] Falling through to static file handler for: GET /elements/data/combinations.json?t=1751330948543
[DEBUG] Falling through to static file handler for: GET /elements/deleted-combinations.json?t=1751330948543
[DEBUG] Falling through to static file handler for: GET /elements/data/elements.json?t=1751330963167
[DEBUG] Falling through to static file handler for: GET /elements/data/combinations.json?t=1751330963167
[DEBUG] Falling through to static file handler for: GET /elements/deleted-combinations.json?t=1751330963167
[Admin Access] IP: ::1, Forwarded: undefined, Is Localhost: true
[Save] Updated 1 emoji mappings in main file
[DEBUG] Falling through to static file handler for: GET /elements/data/elements.json?t=1751330989864
[DEBUG] Falling through to static file handler for: GET /elements/data/combinations.json?t=1751330989864
[DEBUG] Falling through to static file handler for: GET /elements/deleted-combinations.json?t=1751330989864
[Admin Access] IP: ::1, Forwarded: undefined, Is Localhost: true
[DELETE] Handling delete-combination request
[DEBUG] Falling through to static file handler for: GET /elements/data/elements.json?t=1751330990895
[DEBUG] Falling through to static file handler for: GET /elements/data/combinations.json?t=1751330990895
[DEBUG] Falling through to static file handler for: GET /elements/deleted-combinations.json?t=1751330990895
[Admin Access] IP: ::1, Forwarded: undefined, Is Localhost: true
[DELETE] Handling delete-combination request
[DEBUG] Falling through to static file handler for: GET /elements/data/elements.json?t=1751330997315
[DEBUG] Falling through to static file handler for: GET /elements/data/combinations.json?t=1751330997315
[DEBUG] Falling through to static file handler for: GET /elements/deleted-combinations.json?t=1751330997315
[Admin Access] IP: ::1, Forwarded: undefined, Is Localhost: true
[Save] Added 2 combinations to main file
[DEBUG] Falling through to static file handler for: GET /elements/data/elements.json?t=1751331008639
[DEBUG] Falling through to static file handler for: GET /elements/data/combinations.json?t=1751331008639
[DEBUG] Falling through to static file handler for: GET /elements/deleted-combinations.json?t=1751331008639
[Admin Access] IP: ::1, Forwarded: undefined, Is Localhost: true
[Save] Added 2 combinations to main file
[DEBUG] Falling through to static file handler for: GET /elements/data/elements.json?t=1751331020738
[DEBUG] Falling through to static file handler for: GET /elements/data/combinations.json?t=1751331020738
[DEBUG] Falling through to static file handler for: GET /elements/deleted-combinations.json?t=1751331020738
[DEBUG] Falling through to static file handler for: GET /elements/data/elements.json?t=1751331023514
[DEBUG] Falling through to static file handler for: GET /elements/data/combinations.json?t=1751331023514
[DEBUG] Falling through to static file handler for: GET /elements/deleted-combinations.json?t=1751331023514
[Admin Access] IP: ::1, Forwarded: undefined, Is Localhost: true
[Save] Updated 1 emoji mappings in main file
[DEBUG] Falling through to static file handler for: GET /elements/data/elements.json?t=1751331030144
[DEBUG] Falling through to static file handler for: GET /elements/data/combinations.json?t=1751331030144
[DEBUG] Falling through to static file handler for: GET /elements/deleted-combinations.json?t=1751331030144
[Admin Access] IP: ::1, Forwarded: undefined, Is Localhost: true
[DELETE] Handling delete-combination request
[DEBUG] Falling through to static file handler for: GET /elements/data/elements.json?t=1751331038361
[DEBUG] Falling through to static file handler for: GET /elements/data/combinations.json?t=1751331038361
[DEBUG] Falling through to static file handler for: GET /elements/deleted-combinations.json?t=1751331038361
[Admin Access] IP: ::1, Forwarded: undefined, Is Localhost: true
[Save] Added 2 combinations to main file
[DEBUG] Falling through to static file handler for: GET /elements/data/elements.json?t=1751331093525
[DEBUG] Falling through to static file handler for: GET /elements/data/combinations.json?t=1751331093525
[DEBUG] Falling through to static file handler for: GET /elements/deleted-combinations.json?t=1751331093525
[Admin Access] IP: ::1, Forwarded: undefined, Is Localhost: true
[Save] Added 1 combinations to main file
[DEBUG] Falling through to static file handler for: GET /elements/data/elements.json?t=1751331103288
[DEBUG] Falling through to static file handler for: GET /elements/data/combinations.json?t=1751331103288
[DEBUG] Falling through to static file handler for: GET /elements/deleted-combinations.json?t=1751331103288
[Admin Access] IP: ::1, Forwarded: undefined, Is Localhost: true
[DEBUG] Falling through to static file handler for: GET /admin/admin.js
[DEBUG] Falling through to static file handler for: GET /elements/data/elements.json?t=1751331108416&cb=0.6203398300537019
[DEBUG] Falling through to static file handler for: GET /elements/deleted-combinations.json
[DEBUG] Falling through to static file handler for: GET /elements/data/combinations.json?t=1751331108416&cb=0.0637217615580854
[DEBUG] Falling through to static file handler for: GET /elements/data/emojis.json?t=1751331108416&cb=0.8941742677531795
[DEBUG] Falling through to static file handler for: GET /elements/deleted-combinations.json
[DEBUG] Falling through to static file handler for: GET /elements/deleted-combinations.json
[Admin Access] IP: ::1, Forwarded: undefined, Is Localhost: true
[DEBUG] Finding broken combinations
[DEBUG] Loaded 9945 valid element IDs
[DEBUG] Found 6 broken combinations
[DEBUG] Added 6 broken combinations to deletion list
[Admin Access] IP: ::1, Forwarded: undefined, Is Localhost: true
[DEBUG] Running cleanup combinations
[DEBUG] Cleanup complete - deleted 17 combinations
[DEBUG] Falling through to static file handler for: GET /elements/data/combinations.json
[Admin Access] IP: ::1, Forwarded: undefined, Is Localhost: true
[DEBUG] Falling through to static file handler for: GET /admin/
[Admin Access] IP: ::1, Forwarded: undefined, Is Localhost: true
[DEBUG] Falling through to static file handler for: GET /admin/admin.js
[Admin Access] IP: ::1, Forwarded: undefined, Is Localhost: true
[DEBUG] Falling through to static file handler for: GET /admin/elements.js
[DEBUG] Falling through to static file handler for: GET /elements/data/elements.json
[DEBUG] Falling through to static file handler for: GET /elements/data/emojis.json?t=1751331120342&cb=0.886101061392141
[DEBUG] Falling through to static file handler for: GET /elements/deleted-combinations.json
[DEBUG] Falling through to static file handler for: GET /elements/data/elements.json?t=1751331123347
[DEBUG] Falling through to static file handler for: GET /elements/data/combinations.json?t=1751331123347
[DEBUG] Falling through to static file handler for: GET /elements/deleted-combinations.json?t=1751331123347
[DEBUG] Falling through to static file handler for: GET /elements/data/elements.json?t=1751331136099
[DEBUG] Falling through to static file handler for: GET /elements/data/combinations.json?t=1751331136099
[DEBUG] Falling through to static file handler for: GET /elements/deleted-combinations.json?t=1751331136099
[Admin Access] IP: ::1, Forwarded: undefined, Is Localhost: true
[Save] Updated 1 emoji mappings in main file
[DEBUG] Falling through to static file handler for: GET /elements/data/elements.json?t=1751331143047
[DEBUG] Falling through to static file handler for: GET /elements/data/combinations.json?t=1751331143047
[DEBUG] Falling through to static file handler for: GET /elements/deleted-combinations.json?t=1751331143047
[Admin Access] IP: ::1, Forwarded: undefined, Is Localhost: true
[POST] Handling delete-combination request
[DEBUG] Falling through to static file handler for: GET /elements/data/elements.json?t=1751331145359
[DEBUG] Falling through to static file handler for: GET /elements/data/combinations.json?t=1751331145359
[DEBUG] Falling through to static file handler for: GET /elements/deleted-combinations.json?t=1751331145359
[DEBUG] Falling through to static file handler for: GET /elements/data/elements.json?t=1751331156356
[DEBUG] Falling through to static file handler for: GET /elements/data/combinations.json?t=1751331156356
[DEBUG] Falling through to static file handler for: GET /elements/deleted-combinations.json?t=1751331156356
[Admin Access] IP: ::1, Forwarded: undefined, Is Localhost: true
[Save] Updated 1 emoji mappings in main file
[DEBUG] Falling through to static file handler for: GET /elements/data/elements.json?t=1751331163166
[DEBUG] Falling through to static file handler for: GET /elements/data/combinations.json?t=1751331163166
[DEBUG] Falling through to static file handler for: GET /elements/deleted-combinations.json?t=1751331163166
[Admin Access] IP: ::1, Forwarded: undefined, Is Localhost: true
[POST] Handling delete-combination request
[DEBUG] Falling through to static file handler for: GET /elements/data/elements.json?t=1751331166347
[DEBUG] Falling through to static file handler for: GET /elements/data/combinations.json?t=1751331166347
[DEBUG] Falling through to static file handler for: GET /elements/deleted-combinations.json?t=1751331166347
[Admin Access] IP: ::1, Forwarded: undefined, Is Localhost: true
[POST] Handling delete-combination request
[DEBUG] Falling through to static file handler for: GET /elements/data/elements.json?t=1751331171915
[DEBUG] Falling through to static file handler for: GET /elements/data/combinations.json?t=1751331171915
[DEBUG] Falling through to static file handler for: GET /elements/deleted-combinations.json?t=1751331171915
[Admin Access] IP: ::1, Forwarded: undefined, Is Localhost: true
[Save] Added 2 combinations to main file
[DEBUG] Falling through to static file handler for: GET /elements/data/elements.json?t=1751331193560
[DEBUG] Falling through to static file handler for: GET /elements/data/combinations.json?t=1751331193560
[DEBUG] Falling through to static file handler for: GET /elements/deleted-combinations.json?t=1751331193560
[Admin Access] IP: ::1, Forwarded: undefined, Is Localhost: true
[Save] Added 2 combinations to main file
[DEBUG] Falling through to static file handler for: GET /elements/data/elements.json?t=1751331203041
[DEBUG] Falling through to static file handler for: GET /elements/data/combinations.json?t=1751331203041
[DEBUG] Falling through to static file handler for: GET /elements/deleted-combinations.json?t=1751331203041
[Admin Access] IP: ::1, Forwarded: undefined, Is Localhost: true
[Save] Added 2 combinations to main file
[DEBUG] Falling through to static file handler for: GET /elements/data/elements.json?t=1751331210772
[DEBUG] Falling through to static file handler for: GET /elements/data/combinations.json?t=1751331210772
[DEBUG] Falling through to static file handler for: GET /elements/deleted-combinations.json?t=1751331210772
[DEBUG] Falling through to static file handler for: GET /elements/data/elements.json?t=1751331219965
[DEBUG] Falling through to static file handler for: GET /elements/data/combinations.json?t=1751331219965
[DEBUG] Falling through to static file handler for: GET /elements/deleted-combinations.json?t=1751331219965
[Admin Access] IP: ::1, Forwarded: undefined, Is Localhost: true
[DELETE] Handling delete-combination request
[DEBUG] Falling through to static file handler for: GET /elements/data/elements.json?t=1751331223412
[DEBUG] Falling through to static file handler for: GET /elements/data/combinations.json?t=1751331223412
[DEBUG] Falling through to static file handler for: GET /elements/deleted-combinations.json?t=1751331223412
[Admin Access] IP: ::1, Forwarded: undefined, Is Localhost: true
[Save] Updated 1 emoji mappings in main file
[DEBUG] Falling through to static file handler for: GET /elements/data/elements.json?t=1751331239158
[DEBUG] Falling through to static file handler for: GET /elements/data/combinations.json?t=1751331239158
[DEBUG] Falling through to static file handler for: GET /elements/deleted-combinations.json?t=1751331239158
[Admin Access] IP: ::1, Forwarded: undefined, Is Localhost: true
[Save] Added 2 combinations to main file
[DEBUG] Falling through to static file handler for: GET /elements/data/elements.json?t=1751331250790
[DEBUG] Falling through to static file handler for: GET /elements/data/combinations.json?t=1751331250790
[DEBUG] Falling through to static file handler for: GET /elements/deleted-combinations.json?t=1751331250790
